TN:
SF:src/rules/img-requires-dimensions.ts
FN:12,(anonymous_0)
FN:13,checkImageDimensions
FN:43,(anonymous_2)
FN:46,(anonymous_3)
FN:55,(anonymous_4)
FNF:5
FNH:5
FNDA:27,(anonymous_0)
FNDA:10,checkImageDimensions
FNDA:12,(anonymous_2)
FNDA:7,(anonymous_3)
FNDA:12,(anonymous_4)
DA:3,2
DA:18,10
DA:19,10
DA:20,7
DA:21,7
DA:25,10
DA:26,10
DA:27,10
DA:28,10
DA:29,10
DA:31,10
DA:33,10
DA:34,6
DA:41,27
DA:44,12
DA:46,10
DA:50,10
DA:56,12
DA:57,12
DA:59,12
DA:60,2
DA:61,3
DA:62,3
DA:63,3
DA:65,3
DA:66,3
DA:70,3
DA:71,2
DA:84,2
LF:29
LH:29
BRDA:19,0,0,10
BRDA:19,0,1,0
BRDA:20,1,0,7
BRDA:29,2,0,3
BRDA:29,2,1,7
BRDA:33,3,0,6
BRDA:33,4,0,10
BRDA:33,4,1,9
BRDA:33,5,0,10
BRDA:33,5,1,2
BRDA:44,6,0,10
BRDA:44,7,0,12
BRDA:44,7,1,11
BRDA:46,8,0,10
BRDA:46,8,1,0
BRDA:59,9,0,2
BRDA:65,10,0,3
BRDA:65,10,1,3
BRDA:70,11,0,2
BRDA:70,12,0,3
BRDA:70,12,1,2
BRDA:70,13,0,3
BRDA:70,13,1,1
BRDA:70,14,0,2
BRDA:70,14,1,0
BRF:25
BRH:22
end_of_record
TN:
SF:src/rules/no-blocking-apis.ts
FN:44,(anonymous_0)
FN:45,checkSyncAPI
FN:54,(anonymous_2)
FN:76,(anonymous_3)
FNF:4
FNH:4
FNDA:28,(anonymous_0)
FNDA:34,checkSyncAPI
FNDA:19,(anonymous_2)
FNDA:23,(anonymous_3)
DA:3,2
DA:20,2
DA:34,2
DA:46,34
DA:47,34
DA:53,28
DA:55,19
DA:56,18
DA:57,18
DA:60,18
DA:61,5
DA:62,5
DA:64,13
DA:65,2
DA:66,11
DA:67,2
DA:71,18
DA:72,5
DA:77,23
DA:79,22
DA:80,19
DA:81,3
DA:82,1
DA:83,1
DA:84,1
DA:85,1
DA:93,2
LF:27
LH:27
BRDA:46,0,0,34
BRDA:46,0,1,3
BRDA:55,1,0,1
BRDA:60,2,0,5
BRDA:60,2,1,13
BRDA:60,3,0,18
BRDA:60,3,1,5
BRDA:61,4,0,5
BRDA:64,5,0,2
BRDA:64,5,1,11
BRDA:64,6,0,13
BRDA:64,6,1,2
BRDA:66,7,0,2
BRDA:66,8,0,11
BRDA:66,8,1,9
BRDA:71,9,0,5
BRDA:71,10,0,18
BRDA:71,10,1,5
BRDA:71,10,2,5
BRDA:77,11,0,1
BRDA:79,12,0,19
BRDA:79,12,1,3
BRDA:79,13,0,22
BRDA:79,13,1,21
BRDA:81,14,0,1
BRDA:84,15,0,1
BRDA:84,16,0,1
BRDA:84,16,1,1
BRDA:84,16,2,1
BRF:29
BRH:29
end_of_record
TN:
SF:src/rules/no-expensive-dom-operations.ts
FN:30,(anonymous_0)
FN:33,checkDOMOperation
FN:64,checkStyleAccess
FN:80,checkQuerySelectorUsage
FN:105,(anonymous_4)
FN:106,(anonymous_5)
FN:107,(anonymous_6)
FN:108,(anonymous_7)
FN:109,(anonymous_8)
FN:110,(anonymous_9)
FN:111,(anonymous_10)
FN:112,(anonymous_11)
FN:113,(anonymous_12)
FN:114,(anonymous_13)
FN:116,(anonymous_14)
FN:121,(anonymous_15)
FN:136,(anonymous_16)
FNF:17
FNH:11
FNDA:20,(anonymous_0)
FNDA:12,checkDOMOperation
FNDA:12,checkStyleAccess
FNDA:6,checkQuerySelectorUsage
FNDA:2,(anonymous_4)
FNDA:1,(anonymous_5)
FNDA:0,(anonymous_6)
FNDA:0,(anonymous_7)
FNDA:1,(anonymous_8)
FNDA:0,(anonymous_9)
FNDA:1,(anonymous_10)
FNDA:0,(anonymous_11)
FNDA:0,(anonymous_12)
FNDA:0,(anonymous_13)
FNDA:12,(anonymous_14)
FNDA:6,(anonymous_15)
FNDA:2,(anonymous_16)
DA:3,2
DA:22,2
DA:31,20
DA:34,12
DA:36,12
DA:37,12
DA:39,10
DA:40,10
DA:42,8
DA:43,8
DA:46,8
DA:51,8
DA:52,4
DA:57,4
DA:66,12
DA:70,1
DA:71,1
DA:73,1
DA:81,6
DA:84,5
DA:85,5
DA:87,5
DA:88,5
DA:90,5
DA:91,4
DA:92,4
DA:94,4
DA:103,20
DA:105,2
DA:106,1
DA:107,0
DA:108,0
DA:109,1
DA:110,0
DA:111,1
DA:112,0
DA:113,0
DA:114,0
DA:117,12
DA:118,12
DA:122,6
DA:125,6
DA:128,1
DA:137,2
DA:140,1
DA:150,2
LF:46
LH:40
BRDA:34,0,0,0
BRDA:37,1,0,2
BRDA:40,2,0,2
BRDA:42,3,0,2
BRDA:42,3,1,6
BRDA:43,4,0,2
BRDA:43,4,1,6
BRDA:51,5,0,4
BRDA:51,5,1,4
BRDA:66,6,0,1
BRDA:66,7,0,12
BRDA:66,7,1,12
BRDA:66,7,2,1
BRDA:70,8,0,0
BRDA:70,8,1,1
BRDA:71,9,0,0
BRDA:71,9,1,1
BRDA:81,10,0,5
BRDA:81,11,0,6
BRDA:81,11,1,6
BRDA:87,12,0,5
BRDA:87,13,0,5
BRDA:87,13,1,5
BRDA:90,14,0,4
BRDA:91,15,0,1
BRDA:91,15,1,3
BRDA:92,16,0,1
BRDA:92,16,1,3
BRDA:125,17,0,1
BRDA:125,18,0,6
BRDA:125,18,1,5
BRDA:125,18,2,5
BRDA:137,19,0,1
BRF:33
BRH:30
end_of_record
TN:
SF:src/rules/no-heavy-namespace-imports.ts
FN:20,(anonymous_0)
FN:24,(anonymous_1)
FN:27,(anonymous_2)
FN:30,(anonymous_3)
FNF:4
FNH:4
FNDA:21,(anonymous_0)
FNDA:19,(anonymous_1)
FNDA:24,(anonymous_2)
FNDA:12,(anonymous_3)
DA:5,2
DA:21,21
DA:22,21
DA:23,21
DA:25,19
DA:26,19
DA:27,24
DA:28,18
DA:29,13
DA:30,12
DA:32,13
DA:33,8
DA:43,2
LF:13
LH:13
BRDA:21,0,0,21
BRDA:21,0,1,16
BRDA:22,1,0,17
BRDA:26,2,0,1
BRDA:28,3,0,5
BRDA:32,4,0,8
BRF:6
BRH:6
end_of_record
TN:
SF:src/rules/no-inefficient-loops.ts
FN:22,(anonymous_0)
FN:25,enterLoop
FN:29,exitLoop
FN:33,checkPerformancePattern
FNF:4
FNH:4
FNDA:22,(anonymous_0)
FNDA:23,enterLoop
FNDA:7,exitLoop
FNDA:27,checkPerformancePattern
DA:3,2
DA:14,2
DA:23,22
DA:26,23
DA:30,7
DA:34,27
DA:37,22
DA:38,16
DA:39,16
DA:41,16
DA:42,7
DA:43,7
DA:44,7
DA:45,7
DA:53,16
DA:54,6
DA:61,16
DA:62,2
DA:63,2
DA:64,2
DA:65,2
DA:74,22
DA:75,6
DA:78,6
DA:79,6
DA:80,6
DA:82,6
DA:83,5
DA:92,22
DA:110,2
LF:30
LH:30
BRDA:34,0,0,5
BRDA:34,1,0,27
BRDA:34,1,1,24
BRDA:37,2,0,16
BRDA:41,3,0,7
BRDA:41,4,0,16
BRDA:41,4,1,7
BRDA:44,5,0,7
BRDA:53,6,0,6
BRDA:53,7,0,16
BRDA:53,7,1,6
BRDA:61,8,0,2
BRDA:61,9,0,16
BRDA:61,9,1,2
BRDA:64,10,0,2
BRDA:74,11,0,6
BRDA:78,12,0,6
BRDA:78,13,0,6
BRDA:78,13,1,6
BRDA:82,14,0,5
BRF:20
BRH:20
end_of_record
TN:
SF:src/rules/no-large-bundle-imports.ts
FN:95,(anonymous_0)
FN:101,getLibraryFromSource
FN:113,checkLargeImport
FN:135,checkNamespaceImport
FN:140,(anonymous_4)
FN:151,checkDefaultImportFromLargeLibrary
FN:156,(anonymous_6)
FN:173,(anonymous_7)
FN:183,(anonymous_8)
FN:194,(anonymous_9)
FN:213,(anonymous_10)
FN:224,(anonymous_11)
FN:233,(anonymous_12)
FNF:13
FNH:13
FNDA:29,(anonymous_0)
FNDA:59,getLibraryFromSource
FNDA:19,checkLargeImport
FNDA:18,checkNamespaceImport
FNDA:5,(anonymous_4)
FNDA:18,checkDefaultImportFromLargeLibrary
FNDA:5,(anonymous_6)
FNDA:19,(anonymous_7)
FNDA:3,(anonymous_8)
FNDA:3,(anonymous_9)
FNDA:1,(anonymous_10)
FNDA:1,(anonymous_11)
FNDA:1,(anonymous_12)
DA:3,2
DA:69,2
DA:76,2
DA:96,29
DA:97,29
DA:98,29
DA:99,29
DA:103,59
DA:105,9
DA:106,9
DA:109,50
DA:114,19
DA:115,19
DA:117,19
DA:118,17
DA:120,16
DA:122,16
DA:123,15
DA:127,1
DA:128,1
DA:136,18
DA:139,18
DA:140,5
DA:143,18
DA:144,1
DA:152,18
DA:155,18
DA:156,5
DA:159,18
DA:161,3
DA:163,3
DA:164,2
DA:172,29
DA:174,19
DA:175,19
DA:177,18
DA:178,18
DA:179,18
DA:184,3
DA:185,1
DA:186,1
DA:187,1
DA:188,1
DA:195,3
DA:199,2
DA:200,2
DA:203,2
DA:204,1
DA:214,1
DA:215,1
DA:216,1
DA:225,1
DA:228,1
DA:232,1
DA:233,1
DA:234,1
DA:235,1
DA:236,1
DA:237,1
DA:239,1
DA:252,2
LF:61
LH:61
BRDA:96,0,0,29
BRDA:96,0,1,26
BRDA:97,1,0,29
BRDA:97,1,1,28
BRDA:98,2,0,29
BRDA:98,2,1,28
BRDA:99,3,0,29
BRDA:99,3,1,28
BRDA:103,4,0,9
BRDA:103,4,1,50
BRDA:117,5,0,2
BRDA:118,6,0,1
BRDA:122,7,0,15
BRDA:122,7,1,1
BRDA:127,8,0,1
BRDA:143,9,0,1
BRDA:143,10,0,18
BRDA:143,10,1,1
BRDA:159,11,0,3
BRDA:163,12,0,2
BRDA:175,13,0,1
BRDA:184,14,0,1
BRDA:184,15,0,3
BRDA:184,15,1,2
BRDA:186,16,0,1
BRDA:186,17,0,1
BRDA:186,17,1,1
BRDA:195,18,0,2
BRDA:196,19,0,3
BRDA:196,19,1,2
BRDA:203,20,0,1
BRDA:215,21,0,1
BRDA:215,22,0,1
BRDA:215,22,1,1
BRDA:232,23,0,1
BRDA:235,24,0,1
BRDA:237,25,0,1
BRF:37
BRH:37
end_of_record
TN:
SF:src/rules/no-memory-leaks.ts
FN:12,(anonymous_0)
FN:16,checkClosureReferences
FN:42,(anonymous_2)
FN:125,(anonymous_3)
FN:129,(anonymous_4)
FN:134,(anonymous_5)
FN:157,(anonymous_6)
FNF:7
FNH:7
FNDA:26,(anonymous_0)
FNDA:5,checkClosureReferences
FNDA:13,(anonymous_2)
FNDA:4,(anonymous_3)
FNDA:1,(anonymous_4)
FNDA:4,(anonymous_5)
FNDA:4,(anonymous_6)
DA:3,2
DA:13,26
DA:14,26
DA:18,5
DA:19,5
DA:22,5
DA:28,5
DA:29,10
DA:30,4
DA:35,4
DA:40,26
DA:43,13
DA:44,6
DA:47,6
DA:48,1
DA:49,1
DA:57,6
DA:58,3
DA:59,3
DA:64,1
DA:72,6
DA:73,1
DA:74,1
DA:83,13
DA:84,5
DA:86,5
DA:87,1
DA:88,1
DA:97,13
DA:98,5
DA:99,5
DA:101,5
DA:109,4
DA:110,4
DA:114,3
DA:126,4
DA:130,1
DA:135,4
DA:140,3
DA:141,3
DA:145,3
DA:146,2
DA:158,4
DA:162,1
DA:173,2
LF:45
LH:45
BRDA:29,0,0,4
BRDA:43,1,0,6
BRDA:47,2,0,1
BRDA:57,3,0,3
BRDA:57,4,0,6
BRDA:57,4,1,4
BRDA:59,5,0,1
BRDA:60,6,0,3
BRDA:60,6,1,3
BRDA:60,6,2,2
BRDA:72,7,0,1
BRDA:83,8,0,5
BRDA:86,9,0,1
BRDA:97,10,0,5
BRDA:101,11,0,4
BRDA:102,12,0,5
BRDA:102,12,1,4
BRDA:102,12,2,4
BRDA:110,13,0,3
BRDA:111,14,0,4
BRDA:111,14,1,2
BRDA:135,15,0,3
BRDA:136,16,0,4
BRDA:136,16,1,2
BRDA:141,17,0,3
BRDA:142,18,0,3
BRDA:142,18,1,1
BRDA:145,19,0,2
BRDA:158,20,0,1
BRDA:159,21,0,4
BRDA:159,21,1,2
BRF:31
BRH:31
end_of_record
TN:
SF:src/rules/no-render-blocking-resources.ts
FN:39,(anonymous_0)
FN:40,checkRenderBlockingCSS
FN:73,checkRenderBlockingFonts
FN:108,checkRenderBlockingScripts
FN:112,(anonymous_4)
FN:137,(anonymous_5)
FN:152,(anonymous_6)
FN:179,(anonymous_7)
FN:191,(anonymous_8)
FN:198,(anonymous_9)
FN:207,(anonymous_10)
FN:256,(anonymous_11)
FN:263,(anonymous_12)
FN:266,(anonymous_13)
FN:281,(anonymous_14)
FN:284,(anonymous_15)
FN:287,(anonymous_16)
FN:302,(anonymous_17)
FNF:18
FNH:1
FNDA:2,(anonymous_0)
FNDA:0,checkRenderBlockingCSS
FNDA:0,checkRenderBlockingFonts
FNDA:0,checkRenderBlockingScripts
FNDA:0,(anonymous_4)
FNDA:0,(anonymous_5)
FNDA:0,(anonymous_6)
FNDA:0,(anonymous_7)
FNDA:0,(anonymous_8)
FNDA:0,(anonymous_9)
FNDA:0,(anonymous_10)
FNDA:0,(anonymous_11)
FNDA:0,(anonymous_12)
FNDA:0,(anonymous_13)
FNDA:0,(anonymous_14)
FNDA:0,(anonymous_15)
FNDA:0,(anonymous_16)
FNDA:0,(anonymous_17)
DA:3,1
DA:21,1
DA:30,1
DA:41,0
DA:44,0
DA:45,0
DA:53,0
DA:54,0
DA:55,0
DA:64,0
DA:65,0
DA:74,0
DA:77,0
DA:78,0
DA:82,0
DA:89,0
DA:90,0
DA:99,0
DA:100,0
DA:109,0
DA:112,0
DA:113,0
DA:114,0
DA:122,0
DA:127,0
DA:135,0
DA:136,0
DA:137,0
DA:138,0
DA:140,0
DA:150,2
DA:153,0
DA:154,0
DA:157,0
DA:163,0
DA:170,0
DA:179,0
DA:180,0
DA:182,0
DA:183,0
DA:192,0
DA:193,0
DA:194,0
DA:199,0
DA:200,0
DA:201,0
DA:202,0
DA:209,0
DA:210,0
DA:211,0
DA:213,0
DA:214,0
DA:215,0
DA:224,0
DA:225,0
DA:232,0
DA:233,0
DA:241,0
DA:247,0
DA:257,0
DA:258,0
DA:261,0
DA:262,0
DA:263,0
DA:265,0
DA:266,0
DA:269,0
DA:270,0
DA:279,0
DA:280,0
DA:281,0
DA:283,0
DA:284,0
DA:286,0
DA:287,0
DA:290,0
DA:291,0
DA:303,0
DA:308,0
DA:309,0
DA:321,1
LF:81
LH:5
BRDA:44,0,0,0
BRDA:44,1,0,0
BRDA:44,1,1,0
BRDA:53,2,0,0
BRDA:53,3,0,0
BRDA:53,3,1,0
BRDA:54,4,0,0
BRDA:54,5,0,0
BRDA:54,5,1,0
BRDA:64,6,0,0
BRDA:77,7,0,0
BRDA:78,8,0,0
BRDA:79,9,0,0
BRDA:79,9,1,0
BRDA:89,10,0,0
BRDA:99,11,0,0
BRDA:99,12,0,0
BRDA:99,12,1,0
BRDA:113,13,0,0
BRDA:122,14,0,0
BRDA:123,15,0,0
BRDA:123,15,1,0
BRDA:123,15,2,0
BRDA:136,16,0,0
BRDA:138,17,0,0
BRDA:154,18,0,0
BRDA:157,19,0,0
BRDA:158,20,0,0
BRDA:158,20,1,0
BRDA:158,20,2,0
BRDA:158,20,3,0
BRDA:182,21,0,0
BRDA:199,22,0,0
BRDA:209,23,0,0
BRDA:213,24,0,0
BRDA:213,25,0,0
BRDA:213,25,1,0
BRDA:214,26,0,0
BRDA:224,27,0,0
BRDA:232,28,0,0
BRDA:232,29,0,0
BRDA:232,29,1,0
BRDA:241,30,0,0
BRDA:242,31,0,0
BRDA:242,31,1,0
BRDA:242,31,2,0
BRDA:242,31,3,0
BRDA:257,32,0,0
BRDA:261,33,0,0
BRDA:269,34,0,0
BRDA:269,35,0,0
BRDA:269,35,1,0
BRDA:279,36,0,0
BRDA:290,37,0,0
BRDA:290,38,0,0
BRDA:290,38,1,0
BRDA:290,38,2,0
BRDA:303,39,0,0
BRDA:304,40,0,0
BRDA:304,40,1,0
BRDA:308,41,0,0
BRF:61
BRH:0
end_of_record
TN:
SF:src/rules/no-sync-apis-in-render.ts
FN:41,(anonymous_0)
FN:45,enterFunction
FN:54,exitFunction
FN:59,checkSyncAPI
FN:82,(anonymous_4)
FN:91,(anonymous_5)
FN:101,(anonymous_6)
FN:139,(anonymous_7)
FNF:8
FNH:8
FNDA:28,(anonymous_0)
FNDA:24,enterFunction
FNDA:2,exitFunction
FNDA:19,checkSyncAPI
FNDA:4,(anonymous_4)
FNDA:1,(anonymous_5)
FNDA:21,(anonymous_6)
FNDA:5,(anonymous_7)
DA:3,2
DA:18,2
DA:32,2
DA:42,28
DA:43,28
DA:46,24
DA:48,24
DA:49,23
DA:50,23
DA:55,2
DA:56,2
DA:60,19
DA:62,19
DA:68,28
DA:83,4
DA:88,4
DA:92,1
DA:97,1
DA:102,21
DA:104,17
DA:105,17
DA:108,17
DA:112,9
DA:116,17
DA:117,1
DA:121,17
DA:122,3
DA:126,17
DA:127,1
DA:130,17
DA:131,1
DA:134,17
DA:135,1
DA:140,5
DA:143,4
DA:144,1
DA:147,4
DA:148,1
DA:152,4
DA:159,1
DA:166,2
LF:41
LH:41
BRDA:46,0,0,24
BRDA:46,0,1,19
BRDA:46,0,2,1
BRDA:48,1,0,23
BRDA:60,2,0,0
BRDA:83,3,0,4
BRDA:84,4,0,4
BRDA:84,4,1,3
BRDA:84,4,2,1
BRDA:92,5,0,1
BRDA:93,6,0,1
BRDA:93,6,1,1
BRDA:93,6,2,0
BRDA:102,7,0,4
BRDA:108,8,0,9
BRDA:109,9,0,17
BRDA:109,9,1,10
BRDA:109,9,2,9
BRDA:116,10,0,1
BRDA:116,11,0,17
BRDA:116,11,1,1
BRDA:121,12,0,3
BRDA:121,13,0,17
BRDA:121,13,1,3
BRDA:126,14,0,1
BRDA:126,15,0,17
BRDA:126,15,1,1
BRDA:130,16,0,1
BRDA:130,17,0,17
BRDA:130,17,1,1
BRDA:134,18,0,1
BRDA:134,19,0,17
BRDA:134,19,1,1
BRDA:140,20,0,1
BRDA:143,21,0,1
BRDA:147,22,0,1
BRDA:152,23,0,1
BRDA:153,24,0,4
BRDA:153,24,1,2
BRDA:153,24,2,2
BRDA:153,24,3,2
BRDA:153,24,4,2
BRF:42
BRH:40
end_of_record
TN:
SF:src/rules/prefer-efficient-data-structures.ts
FN:11,(anonymous_0)
FN:14,(anonymous_1)
FN:108,(anonymous_2)
FN:136,(anonymous_3)
FN:158,(anonymous_4)
FN:174,(anonymous_5)
FNF:6
FNH:1
FNDA:2,(anonymous_0)
FNDA:0,(anonymous_1)
FNDA:0,(anonymous_2)
FNDA:0,(anonymous_3)
FNDA:0,(anonymous_4)
FNDA:0,(anonymous_5)
DA:3,1
DA:12,2
DA:15,0
DA:16,0
DA:17,0
DA:20,0
DA:21,0
DA:22,0
DA:24,0
DA:32,0
DA:35,0
DA:42,0
DA:45,0
DA:52,0
DA:53,0
DA:54,0
DA:55,0
DA:58,0
DA:61,0
DA:71,0
DA:76,0
DA:77,0
DA:78,0
DA:79,0
DA:83,0
DA:85,0
DA:90,0
DA:95,0
DA:96,0
DA:99,0
DA:109,0
DA:110,0
DA:111,0
DA:112,0
DA:120,0
DA:121,0
DA:122,0
DA:123,0
DA:124,0
DA:128,0
DA:130,0
DA:137,0
DA:139,0
DA:140,0
DA:143,0
DA:144,0
DA:145,0
DA:148,0
DA:149,0
DA:160,0
DA:161,0
DA:163,0
DA:164,0
DA:165,0
DA:176,0
DA:178,0
DA:191,1
LF:57
LH:3
BRDA:15,0,0,0
BRDA:20,1,0,0
BRDA:20,2,0,0
BRDA:20,2,1,0
BRDA:22,3,0,0
BRDA:22,4,0,0
BRDA:22,4,1,0
BRDA:22,4,2,0
BRDA:22,4,3,0
BRDA:32,5,0,0
BRDA:32,6,0,0
BRDA:32,6,1,0
BRDA:32,6,2,0
BRDA:32,6,3,0
BRDA:42,7,0,0
BRDA:42,8,0,0
BRDA:42,8,1,0
BRDA:42,8,2,0
BRDA:52,9,0,0
BRDA:54,10,0,0
BRDA:54,11,0,0
BRDA:54,11,1,0
BRDA:58,12,0,0
BRDA:58,13,0,0
BRDA:58,13,1,0
BRDA:58,13,2,0
BRDA:71,14,0,0
BRDA:71,15,0,0
BRDA:71,15,1,0
BRDA:71,15,2,0
BRDA:78,16,0,0
BRDA:90,17,0,0
BRDA:90,18,0,0
BRDA:90,18,1,0
BRDA:90,18,2,0
BRDA:90,18,3,0
BRDA:96,19,0,0
BRDA:96,20,0,0
BRDA:96,20,1,0
BRDA:96,20,2,0
BRDA:109,21,0,0
BRDA:109,22,0,0
BRDA:109,22,1,0
BRDA:111,23,0,0
BRDA:111,24,0,0
BRDA:111,24,1,0
BRDA:111,24,2,0
BRDA:120,25,0,0
BRDA:123,26,0,0
BRDA:137,27,0,0
BRDA:143,28,0,0
BRDA:143,28,1,0
BRDA:148,29,0,0
BRDA:161,30,0,0
BRDA:164,31,0,0
BRDA:164,32,0,0
BRDA:164,32,1,0
BRDA:164,32,2,0
BRDA:176,33,0,0
BRDA:176,34,0,0
BRDA:176,34,1,0
BRF:61
BRH:0
end_of_record
TN:
SF:src/rules/prefer-lazy-loading.ts
FN:11,(anonymous_0)
FN:12,checkImageLazyLoading
FN:29,(anonymous_2)
FN:40,(anonymous_3)
FN:42,(anonymous_4)
FN:51,(anonymous_5)
FN:68,(anonymous_6)
FN:78,(anonymous_7)
FN:84,(anonymous_8)
FNF:9
FNH:9
FNDA:34,(anonymous_0)
FNDA:10,checkImageLazyLoading
FNDA:1,(anonymous_2)
FNDA:12,(anonymous_3)
FNDA:7,(anonymous_4)
FNDA:12,(anonymous_5)
FNDA:17,(anonymous_6)
FNDA:83,(anonymous_7)
FNDA:14,(anonymous_8)
DA:3,2
DA:13,10
DA:14,10
DA:15,7
DA:16,7
DA:20,10
DA:21,10
DA:23,10
DA:24,2
DA:31,1
DA:38,34
DA:41,12
DA:42,10
DA:46,10
DA:52,12
DA:53,12
DA:55,12
DA:56,2
DA:57,3
DA:58,2
DA:69,17
DA:70,17
DA:73,16
DA:78,16
DA:79,83
DA:82,16
DA:84,14
DA:85,14
DA:89,14
DA:90,13
DA:101,2
LF:31
LH:31
BRDA:14,0,0,10
BRDA:14,0,1,0
BRDA:15,1,0,7
BRDA:23,2,0,2
BRDA:23,3,0,10
BRDA:23,3,1,4
BRDA:41,4,0,10
BRDA:41,5,0,12
BRDA:41,5,1,11
BRDA:42,6,0,10
BRDA:42,6,1,0
BRDA:55,7,0,2
BRDA:57,8,0,2
BRDA:70,9,0,1
BRDA:79,10,0,83
BRDA:79,10,1,68
BRDA:82,11,0,14
BRDA:82,12,0,16
BRDA:82,12,1,15
BRDA:85,13,0,14
BRDA:85,13,1,2
BRDA:89,14,0,13
BRF:22
BRH:20
end_of_record
TN:
SF:src/rules/prefer-modern-apis.ts
FN:48,(anonymous_0)
FN:49,checkLegacyAPI
FN:59,checkModernAlternative
FN:70,(anonymous_3)
FN:111,(anonymous_4)
FN:146,(anonymous_5)
FN:158,(anonymous_6)
FN:166,(anonymous_7)
FN:198,(anonymous_8)
FN:210,(anonymous_9)
FNF:10
FNH:1
FNDA:2,(anonymous_0)
FNDA:0,checkLegacyAPI
FNDA:0,checkModernAlternative
FNDA:0,(anonymous_3)
FNDA:0,(anonymous_4)
FNDA:0,(anonymous_5)
FNDA:0,(anonymous_6)
FNDA:0,(anonymous_7)
FNDA:0,(anonymous_8)
FNDA:0,(anonymous_9)
DA:3,1
DA:32,1
DA:38,1
DA:50,0
DA:51,0
DA:52,0
DA:60,0
DA:61,0
DA:62,0
DA:69,2
DA:71,0
DA:72,0
DA:74,0
DA:77,0
DA:78,0
DA:79,0
DA:83,0
DA:84,0
DA:88,0
DA:89,0
DA:93,0
DA:98,0
DA:102,0
DA:107,0
DA:112,0
DA:115,0
DA:117,0
DA:118,0
DA:123,0
DA:127,0
DA:128,0
DA:132,0
DA:133,0
DA:134,0
DA:136,0
DA:137,0
DA:140,0
DA:141,0
DA:148,0
DA:149,0
DA:153,0
DA:154,0
DA:159,0
DA:168,0
DA:174,0
DA:182,0
DA:189,0
DA:199,0
DA:200,0
DA:202,0
DA:210,0
DA:211,0
DA:214,0
DA:215,0
DA:225,1
LF:55
LH:5
BRDA:51,0,0,0
BRDA:61,1,0,0
BRDA:74,2,0,0
BRDA:74,3,0,0
BRDA:74,3,1,0
BRDA:77,4,0,0
BRDA:83,5,0,0
BRDA:88,6,0,0
BRDA:93,7,0,0
BRDA:94,8,0,0
BRDA:94,8,1,0
BRDA:94,8,2,0
BRDA:102,9,0,0
BRDA:103,10,0,0
BRDA:103,10,1,0
BRDA:103,10,2,0
BRDA:115,11,0,0
BRDA:115,12,0,0
BRDA:115,12,1,0
BRDA:118,13,0,0
BRDA:119,14,0,0
BRDA:119,14,1,0
BRDA:119,14,2,0
BRDA:127,15,0,0
BRDA:132,16,0,0
BRDA:136,17,0,0
BRDA:140,18,0,0
BRDA:148,19,0,0
BRDA:153,20,0,0
BRDA:153,21,0,0
BRDA:153,21,1,0
BRDA:168,22,0,0
BRDA:169,23,0,0
BRDA:169,23,1,0
BRDA:169,23,2,0
BRDA:169,23,3,0
BRDA:182,24,0,0
BRDA:183,25,0,0
BRDA:183,25,1,0
BRDA:183,25,2,0
BRDA:183,25,3,0
BRDA:183,25,4,0
BRDA:200,26,0,0
BRDA:214,27,0,0
BRF:44
BRH:0
end_of_record
TN:
SF:src/rules/prefer-resource-hints.ts
FN:38,(anonymous_0)
FN:42,extractUrl
FN:54,(anonymous_2)
FN:64,getResourceType
FN:68,(anonymous_4)
FN:73,(anonymous_5)
FN:78,(anonymous_6)
FN:83,(anonymous_7)
FN:88,(anonymous_8)
FN:96,isExternalDomain
FN:98,(anonymous_10)
FN:104,isCriticalResource
FN:114,(anonymous_12)
FN:118,checkResourceHints
FN:121,(anonymous_14)
FN:158,checkExistingHints
FN:163,(anonymous_16)
FN:205,(anonymous_17)
FN:212,(anonymous_18)
FN:220,(anonymous_19)
FN:227,(anonymous_20)
FN:230,(anonymous_21)
FN:233,(anonymous_22)
FN:257,(anonymous_23)
FN:276,(anonymous_24)
FN:294,(anonymous_25)
FN:306,(anonymous_26)
FN:308,(anonymous_27)
FN:313,(anonymous_28)
FNF:29
FNH:1
FNDA:2,(anonymous_0)
FNDA:0,extractUrl
FNDA:0,(anonymous_2)
FNDA:0,getResourceType
FNDA:0,(anonymous_4)
FNDA:0,(anonymous_5)
FNDA:0,(anonymous_6)
FNDA:0,(anonymous_7)
FNDA:0,(anonymous_8)
FNDA:0,isExternalDomain
FNDA:0,(anonymous_10)
FNDA:0,isCriticalResource
FNDA:0,(anonymous_12)
FNDA:0,checkResourceHints
FNDA:0,(anonymous_14)
FNDA:0,checkExistingHints
FNDA:0,(anonymous_16)
FNDA:0,(anonymous_17)
FNDA:0,(anonymous_18)
FNDA:0,(anonymous_19)
FNDA:0,(anonymous_20)
FNDA:0,(anonymous_21)
FNDA:0,(anonymous_22)
FNDA:0,(anonymous_23)
FNDA:0,(anonymous_24)
FNDA:0,(anonymous_25)
FNDA:0,(anonymous_26)
FNDA:0,(anonymous_27)
FNDA:0,(anonymous_28)
DA:3,1
DA:11,1
DA:19,1
DA:29,1
DA:39,2
DA:40,2
DA:43,0
DA:46,0
DA:54,0
DA:56,0
DA:57,0
DA:61,0
DA:65,0
DA:67,0
DA:68,0
DA:70,0
DA:72,0
DA:73,0
DA:75,0
DA:77,0
DA:78,0
DA:80,0
DA:82,0
DA:83,0
DA:85,0
DA:87,0
DA:88,0
DA:90,0
DA:93,0
DA:97,0
DA:98,0
DA:105,0
DA:108,0
DA:114,0
DA:119,0
DA:121,0
DA:122,0
DA:124,0
DA:125,0
DA:126,0
DA:129,0
DA:130,0
DA:131,0
DA:132,0
DA:140,0
DA:141,0
DA:142,0
DA:143,0
DA:145,0
DA:146,0
DA:160,0
DA:162,0
DA:163,0
DA:164,0
DA:165,0
DA:167,0
DA:168,0
DA:169,0
DA:170,0
DA:173,0
DA:174,0
DA:175,0
DA:181,0
DA:182,0
DA:189,0
DA:191,0
DA:192,0
DA:203,2
DA:206,0
DA:207,0
DA:208,0
DA:213,0
DA:214,0
DA:215,0
DA:221,0
DA:222,0
DA:225,0
DA:226,0
DA:227,0
DA:229,0
DA:230,0
DA:232,0
DA:233,0
DA:236,0
DA:237,0
DA:238,0
DA:240,0
DA:241,0
DA:244,0
DA:245,0
DA:255,0
DA:256,0
DA:257,0
DA:260,0
DA:261,0
DA:262,0
DA:264,0
DA:265,0
DA:277,0
DA:278,0
DA:281,0
DA:286,0
DA:295,0
DA:296,0
DA:298,0
DA:308,0
DA:309,0
DA:312,0
DA:314,0
DA:317,0
DA:318,0
DA:329,1
LF:112
LH:8
BRDA:67,0,0,0
BRDA:72,1,0,0
BRDA:77,2,0,0
BRDA:82,3,0,0
BRDA:87,4,0,0
BRDA:98,5,0,0
BRDA:98,5,1,0
BRDA:98,5,2,0
BRDA:109,6,0,0
BRDA:109,6,1,0
BRDA:109,6,2,0
BRDA:109,6,3,0
BRDA:109,6,4,0
BRDA:109,6,5,0
BRDA:129,7,0,0
BRDA:129,8,0,0
BRDA:129,8,1,0
BRDA:131,9,0,0
BRDA:140,10,0,0
BRDA:145,11,0,0
BRDA:162,12,0,0
BRDA:167,13,0,0
BRDA:167,14,0,0
BRDA:167,14,1,0
BRDA:173,15,0,0
BRDA:174,16,0,0
BRDA:181,17,0,0
BRDA:181,18,0,0
BRDA:181,18,1,0
BRDA:189,19,0,0
BRDA:191,20,0,0
BRDA:213,21,0,0
BRDA:221,22,0,0
BRDA:225,23,0,0
BRDA:236,24,0,0
BRDA:236,25,0,0
BRDA:236,25,1,0
BRDA:240,26,0,0
BRDA:240,27,0,0
BRDA:240,27,1,0
BRDA:244,28,0,0
BRDA:244,29,0,0
BRDA:244,29,1,0
BRDA:255,30,0,0
BRDA:260,31,0,0
BRDA:264,32,0,0
BRDA:278,33,0,0
BRDA:281,34,0,0
BRDA:282,35,0,0
BRDA:282,35,1,0
BRDA:282,35,2,0
BRDA:295,36,0,0
BRDA:314,37,0,0
BRDA:314,37,1,0
BRDA:317,38,0,0
BRDA:317,39,0,0
BRDA:317,39,1,0
BRF:57
BRH:0
end_of_record
TN:
SF:src/rules/prefer-web-vitals-optimizations.ts
FN:57,(anonymous_0)
FN:58,checkImageOptimizations
FN:112,checkFontOptimizations
FN:139,checkEventListenerOptimizations
FN:163,(anonymous_4)
FN:179,checkAsyncOperations
FN:201,checkPreloadHints
FN:243,(anonymous_7)
FN:249,(anonymous_8)
FN:259,(anonymous_9)
FN:276,(anonymous_10)
FN:285,(anonymous_11)
FN:306,(anonymous_12)
FN:328,(anonymous_13)
FN:338,(anonymous_14)
FNF:15
FNH:1
FNDA:2,(anonymous_0)
FNDA:0,checkImageOptimizations
FNDA:0,checkFontOptimizations
FNDA:0,checkEventListenerOptimizations
FNDA:0,(anonymous_4)
FNDA:0,checkAsyncOperations
FNDA:0,checkPreloadHints
FNDA:0,(anonymous_7)
FNDA:0,(anonymous_8)
FNDA:0,(anonymous_9)
FNDA:0,(anonymous_10)
FNDA:0,(anonymous_11)
FNDA:0,(anonymous_12)
FNDA:0,(anonymous_13)
FNDA:0,(anonymous_14)
DA:3,1
DA:48,1
DA:59,0
DA:60,0
DA:61,0
DA:62,0
DA:66,0
DA:67,0
DA:68,0
DA:69,0
DA:70,0
DA:71,0
DA:73,0
DA:75,0
DA:76,0
DA:84,0
DA:85,0
DA:93,0
DA:94,0
DA:102,0
DA:103,0
DA:113,0
DA:116,0
DA:117,0
DA:125,0
DA:129,0
DA:130,0
DA:140,0
DA:144,0
DA:145,0
DA:146,0
DA:147,0
DA:150,0
DA:151,0
DA:152,0
DA:159,0
DA:161,0
DA:164,0
DA:167,0
DA:168,0
DA:181,0
DA:182,0
DA:183,0
DA:186,0
DA:192,0
DA:193,0
DA:202,0
DA:205,0
DA:206,0
DA:207,0
DA:208,0
DA:211,0
DA:212,0
DA:213,0
DA:221,0
DA:227,0
DA:231,0
DA:241,2
DA:244,0
DA:245,0
DA:247,0
DA:249,0
DA:253,0
DA:257,0
DA:258,0
DA:259,0
DA:261,0
DA:262,0
DA:263,0
DA:264,0
DA:277,0
DA:278,0
DA:280,0
DA:283,0
DA:284,0
DA:285,0
DA:287,0
DA:288,0
DA:295,0
DA:296,0
DA:307,0
DA:308,0
DA:311,0
DA:315,0
DA:316,0
DA:317,0
DA:318,0
DA:329,0
DA:333,0
DA:339,0
DA:340,0
DA:343,0
DA:344,0
DA:355,1
LF:94
LH:4
BRDA:60,0,0,0
BRDA:60,0,1,0
BRDA:61,1,0,0
BRDA:73,2,0,0
BRDA:75,3,0,0
BRDA:84,4,0,0
BRDA:84,5,0,0
BRDA:84,5,1,0
BRDA:93,6,0,0
BRDA:102,7,0,0
BRDA:116,8,0,0
BRDA:116,9,0,0
BRDA:116,9,1,0
BRDA:125,10,0,0
BRDA:126,11,0,0
BRDA:126,11,1,0
BRDA:129,12,0,0
BRDA:140,13,0,0
BRDA:141,14,0,0
BRDA:141,14,1,0
BRDA:145,15,0,0
BRDA:150,16,0,0
BRDA:159,17,0,0
BRDA:161,18,0,0
BRDA:161,18,1,0
BRDA:164,19,0,0
BRDA:164,19,1,0
BRDA:167,20,0,0
BRDA:181,21,0,0
BRDA:192,22,0,0
BRDA:192,23,0,0
BRDA:192,23,1,0
BRDA:205,24,0,0
BRDA:211,25,0,0
BRDA:211,26,0,0
BRDA:211,26,1,0
BRDA:212,27,0,0
BRDA:221,28,0,0
BRDA:222,29,0,0
BRDA:222,29,1,0
BRDA:222,29,2,0
BRDA:222,29,3,0
BRDA:227,30,0,0
BRDA:228,31,0,0
BRDA:228,31,1,0
BRDA:228,31,2,0
BRDA:244,32,0,0
BRDA:247,33,0,0
BRDA:249,34,0,0
BRDA:249,34,1,0
BRDA:257,35,0,0
BRDA:261,36,0,0
BRDA:263,37,0,0
BRDA:284,38,0,0
BRDA:287,39,0,0
BRDA:295,40,0,0
BRDA:295,41,0,0
BRDA:295,41,1,0
BRDA:311,42,0,0
BRDA:312,43,0,0
BRDA:312,43,1,0
BRDA:316,44,0,0
BRDA:316,45,0,0
BRDA:316,45,1,0
BRDA:317,46,0,0
BRDA:329,47,0,0
BRDA:330,48,0,0
BRDA:330,48,1,0
BRDA:340,49,0,0
BRDA:343,50,0,0
BRDA:343,51,0,0
BRDA:343,51,1,0
BRF:72
BRH:0
end_of_record
